<?xml version="1.0" encoding="UTF-8"?>
<!-- Generated by org.testng.reporters.JUnitReportReporter -->
<testsuite hostname="Abhijit" failures="0" tests="1" name="com.xyzbank.qa.testcases.WithdrawTest" time="5.056" errors="0" timestamp="08 Mar 2024 06:09:43 GMT" skipped="0">
  <testcase classname="com.xyzbank.qa.testcases.WithdrawTest" name="DepositMoney" time="5.056"/>
</testsuite> <!-- com.xyzbank.qa.testcases.WithdrawTest -->
